<?xml version="1.0" encoding="UTF-8"?>
<robot generator="Robot 3.1.2 (Python 3.6.8 on win32)" generated="20240826 15:29:32.950" rpa="false">
<suite id="s1" name="Test Download" source="C:\Users\abhsoni\PycharmProjects\Selenium\test_download.robot">
<test id="s1-t1" name="ID_DWN_TC002">
<kw name="File Should Exist" library="OperatingSystem">
<doc>Fails unless the given ``path`` points to an existing file.</doc>
<arguments>
<arg>star.png</arg>
</arguments>
<assign>
<var>${fileExists}</var>
</assign>
<msg timestamp="20240826 15:29:33.070" level="INFO" html="yes">File '&lt;a href="file://C:\Users\abhsoni\PycharmProjects\Selenium\star.png"&gt;C:\Users\abhsoni\PycharmProjects\Selenium\star.png&lt;/a&gt;' exists.</msg>
<msg timestamp="20240826 15:29:33.070" level="INFO">${fileExists} = None</msg>
<status status="PASS" starttime="20240826 15:29:33.070" endtime="20240826 15:29:33.070"></status>
</kw>
<kw name="Run Keyword If" library="BuiltIn">
<doc>Runs the given keyword with the given arguments, if ``condition`` is true.</doc>
<arguments>
<arg>${fileExists} is True</arg>
<arg>Log To Console</arg>
<arg>Exists!</arg>
</arguments>
<status status="PASS" starttime="20240826 15:29:33.070" endtime="20240826 15:29:33.070"></status>
</kw>
<doc>Validate the file is downloaded and exists

Test case title - ID_DWN_TC002</doc>
<tags>
<tag>Check File Exists post download</tag>
</tags>
<timeout value="20 minutes"></timeout>
<status status="PASS" starttime="20240826 15:29:33.070" endtime="20240826 15:29:33.070" critical="yes"></status>
</test>
<test id="s1-t2" name="ID_DWN_TC003">
<kw name="Md 5 Sum" library="download_confirm">
<arguments>
<arg>star.png</arg>
</arguments>
<assign>
<var>${checksum}</var>
</assign>
<msg timestamp="20240826 15:29:33.085" level="INFO">${checksum} = 8951f6406eff66dcf70a0af7b9f4946c</msg>
<status status="PASS" starttime="20240826 15:29:33.085" endtime="20240826 15:29:33.085"></status>
</kw>
<kw name="Log" library="BuiltIn">
<doc>Logs the given message with the given level.</doc>
<arguments>
<arg>${checksum}</arg>
</arguments>
<msg timestamp="20240826 15:29:33.088" level="INFO">8951f6406eff66dcf70a0af7b9f4946c</msg>
<status status="PASS" starttime="20240826 15:29:33.085" endtime="20240826 15:29:33.088"></status>
</kw>
<kw name="Should Be Equal" library="BuiltIn">
<doc>Fails if the given objects are unequal.</doc>
<arguments>
<arg>${checksum}</arg>
<arg>${file_cksum}</arg>
</arguments>
<status status="PASS" starttime="20240826 15:29:33.088" endtime="20240826 15:29:33.088"></status>
</kw>
<doc>compare the checksum of downloaded file with uploaded file

Test case title - ID_DWN_TC003</doc>
<tags>
<tag>Check MD5Sum of downloaded file</tag>
</tags>
<timeout value="20 minutes"></timeout>
<status status="PASS" starttime="20240826 15:29:33.085" endtime="20240826 15:29:33.088" critical="yes"></status>
</test>
<status status="PASS" starttime="20240826 15:29:32.950" endtime="20240826 15:29:33.088"></status>
</suite>
<statistics>
<total>
<stat pass="2" fail="0">Critical Tests</stat>
<stat pass="2" fail="0">All Tests</stat>
</total>
<tag>
<stat pass="1" fail="0">Check File Exists post download</stat>
<stat pass="1" fail="0">Check MD5Sum of downloaded file</stat>
</tag>
<suite>
<stat pass="2" fail="0" id="s1" name="Test Download">Test Download</stat>
</suite>
</statistics>
<errors>
</errors>
</robot>
